<?xml version="1.0" encoding="UTF-8"?>
<!-- Generated by org.testng.reporters.JUnitReportReporter -->
<testsuite skipped="0" hostname="DESKTOP-P82OMDO" name="testNGPack.testNGEx2" tests="3" failures="0" timestamp="03 Sep 2020 11:12:32 GMT" time="0.004" errors="0">
  <testcase name="apiLoginCarloan" time="0.001" classname="testNGPack.testNGEx2"/>
  <testcase name="mobileLoginCarloan" time="0.002" classname="testNGPack.testNGEx2"/>
  <testcase name="webLoginCarloan" time="0.001" classname="testNGPack.testNGEx2"/>
</testsuite> <!-- testNGPack.testNGEx2 -->
