<?xml version="1.0" encoding="UTF-8"?>
<!-- Generated by org.testng.reporters.JUnitReportReporter -->
<testsuite skipped="0" hostname="DESKTOP-P82OMDO" name="testNGPack.testNGEx" tests="2" failures="0" timestamp="03 Sep 2020 11:12:32 GMT" time="0.006" errors="0">
  <testcase name="demo" time="0.003" classname="testNGPack.testNGEx"/>
  <testcase name="demo1" time="0.003" classname="testNGPack.testNGEx"/>
</testsuite> <!-- testNGPack.testNGEx -->
